<?xml version="1.0" encoding="UTF-8"?>
<coverage generated="1757412208416" clover="3.2.0">
  <project timestamp="1757412208416" name="All files">
    <metrics statements="60" coveredstatements="58" conditionals="36" coveredconditionals="36" methods="14" coveredmethods="14" elements="110" coveredelements="108" complexity="0" loc="60" ncloc="60" packages="3" files="4" classes="4"/>
    <package name="AppliChatExpressSocket">
      <metrics statements="30" coveredstatements="28" conditionals="9" coveredconditionals="9" methods="6" coveredmethods="6"/>
      <file name="app.js" path="C:\Users\caroj\OneDrive\Images\Documents\Code\BackAvancéChat\AppliChatExpressSocket\app.js">
        <metrics statements="30" coveredstatements="28" conditionals="9" coveredconditionals="9" methods="6" coveredmethods="6"/>
        <line num="8" count="2" type="stmt"/>
        <line num="9" count="2" type="stmt"/>
        <line num="12" count="3" type="stmt"/>
        <line num="13" count="3" type="cond" truecount="2" falsecount="0"/>
        <line num="16" count="3" type="stmt"/>
        <line num="17" count="3" type="stmt"/>
        <line num="20" count="3" type="stmt"/>
        <line num="21" count="3" type="stmt"/>
        <line num="24" count="3" type="stmt"/>
        <line num="27" count="3" type="stmt"/>
        <line num="28" count="1" type="stmt"/>
        <line num="31" count="3" type="stmt"/>
        <line num="32" count="1" type="stmt"/>
        <line num="36" count="3" type="stmt"/>
        <line num="37" count="2" type="stmt"/>
        <line num="38" count="2" type="cond" truecount="2" falsecount="0"/>
        <line num="39" count="2" type="stmt"/>
        <line num="40" count="2" type="stmt"/>
        <line num="42" count="0" type="stmt"/>
        <line num="46" count="3" type="stmt"/>
        <line num="47" count="3" type="stmt"/>
        <line num="48" count="3" type="stmt"/>
        <line num="49" count="3" type="cond" truecount="4" falsecount="0"/>
        <line num="50" count="2" type="stmt"/>
        <line num="53" count="1" type="stmt"/>
        <line num="54" count="1" type="stmt"/>
        <line num="56" count="0" type="stmt"/>
        <line num="61" count="3" type="stmt"/>
        <line num="62" count="2" type="stmt"/>
        <line num="65" count="3" type="stmt"/>
      </file>
      <file name="jest.config.js" path="C:\Users\caroj\OneDrive\Images\Documents\Code\BackAvancéChat\AppliChatExpressSocket\jest.config.js">
        <metrics statements="0" coveredstatements="0" conditionals="0" coveredconditionals="0" methods="0" coveredmethods="0"/>
      </file>
    </package>
    <package name="AppliChatExpressSocket.services">
      <metrics statements="13" coveredstatements="13" conditionals="4" coveredconditionals="4" methods="5" coveredmethods="5"/>
      <file name="messageService.js" path="C:\Users\caroj\OneDrive\Images\Documents\Code\BackAvancéChat\AppliChatExpressSocket\services\messageService.js">
        <metrics statements="13" coveredstatements="13" conditionals="4" coveredconditionals="4" methods="5" coveredmethods="5"/>
        <line num="6" count="13" type="cond" truecount="2" falsecount="0"/>
        <line num="15" count="7" type="stmt"/>
        <line num="16" count="7" type="stmt"/>
        <line num="20" count="6" type="stmt"/>
        <line num="22" count="1" type="stmt"/>
        <line num="33" count="4" type="stmt"/>
        <line num="34" count="4" type="stmt"/>
        <line num="40" count="3" type="stmt"/>
        <line num="42" count="1" type="stmt"/>
        <line num="50" count="2" type="stmt"/>
        <line num="51" count="2" type="stmt"/>
        <line num="53" count="1" type="stmt"/>
        <line num="61" count="1" type="stmt"/>
      </file>
    </package>
    <package name="AppliChatExpressSocket.utils">
      <metrics statements="17" coveredstatements="17" conditionals="23" coveredconditionals="23" methods="3" coveredmethods="3"/>
      <file name="messageFormatter.js" path="C:\Users\caroj\OneDrive\Images\Documents\Code\BackAvancéChat\AppliChatExpressSocket\utils\messageFormatter.js">
        <metrics statements="17" coveredstatements="17" conditionals="23" coveredconditionals="23" methods="3" coveredmethods="3"/>
        <line num="9" count="9" type="stmt"/>
        <line num="10" count="9" type="stmt"/>
        <line num="11" count="46" type="stmt"/>
        <line num="13" count="9" type="stmt"/>
        <line num="24" count="5" type="cond" truecount="4" falsecount="0"/>
        <line num="25" count="2" type="stmt"/>
        <line num="28" count="3" type="stmt"/>
        <line num="43" count="9" type="stmt"/>
        <line num="45" count="9" type="cond" truecount="5" falsecount="0"/>
        <line num="46" count="4" type="stmt"/>
        <line num="49" count="9" type="cond" truecount="4" falsecount="0"/>
        <line num="50" count="1" type="stmt"/>
        <line num="53" count="9" type="cond" truecount="5" falsecount="0"/>
        <line num="54" count="2" type="stmt"/>
        <line num="57" count="9" type="cond" truecount="4" falsecount="0"/>
        <line num="58" count="1" type="stmt"/>
        <line num="61" count="9" type="stmt"/>
      </file>
    </package>
  </project>
</coverage>
