<?xml version="1.0" encoding="UTF-8"?>
<coverage generated="1757413024761" clover="3.2.0">
  <project timestamp="1757413024761" name="All files">
    <metrics statements="113" coveredstatements="99" conditionals="48" coveredconditionals="48" methods="25" coveredmethods="20" elements="186" coveredelements="167" complexity="0" loc="113" ncloc="113" packages="4" files="5" classes="5"/>
    <package name="AppliChatExpressSocket">
      <metrics statements="31" coveredstatements="28" conditionals="9" coveredconditionals="9" methods="6" coveredmethods="6"/>
      <file name="app.js" path="C:\Users\caroj\OneDrive\Images\Documents\Code\BackAvancéChat\AppliChatExpressSocket\app.js">
        <metrics statements="30" coveredstatements="28" conditionals="9" coveredconditionals="9" methods="6" coveredmethods="6"/>
        <line num="8" count="3" type="stmt"/>
        <line num="9" count="3" type="stmt"/>
        <line num="12" count="4" type="stmt"/>
        <line num="13" count="4" type="cond" truecount="2" falsecount="0"/>
        <line num="16" count="4" type="stmt"/>
        <line num="17" count="4" type="stmt"/>
        <line num="20" count="4" type="stmt"/>
        <line num="21" count="4" type="stmt"/>
        <line num="24" count="4" type="stmt"/>
        <line num="27" count="4" type="stmt"/>
        <line num="28" count="1" type="stmt"/>
        <line num="31" count="4" type="stmt"/>
        <line num="32" count="1" type="stmt"/>
        <line num="36" count="4" type="stmt"/>
        <line num="37" count="2" type="stmt"/>
        <line num="38" count="2" type="cond" truecount="2" falsecount="0"/>
        <line num="39" count="2" type="stmt"/>
        <line num="40" count="2" type="stmt"/>
        <line num="42" count="0" type="stmt"/>
        <line num="46" count="4" type="stmt"/>
        <line num="47" count="3" type="stmt"/>
        <line num="48" count="3" type="stmt"/>
        <line num="49" count="3" type="cond" truecount="4" falsecount="0"/>
        <line num="50" count="2" type="stmt"/>
        <line num="53" count="1" type="stmt"/>
        <line num="54" count="1" type="stmt"/>
        <line num="56" count="0" type="stmt"/>
        <line num="61" count="4" type="stmt"/>
        <line num="62" count="2" type="stmt"/>
        <line num="65" count="4" type="stmt"/>
      </file>
      <file name="jest.config.js" path="C:\Users\caroj\OneDrive\Images\Documents\Code\BackAvancéChat\AppliChatExpressSocket\jest.config.js">
        <metrics statements="1" coveredstatements="0" conditionals="0" coveredconditionals="0" methods="0" coveredmethods="0"/>
        <line num="16" count="0" type="stmt"/>
      </file>
    </package>
    <package name="AppliChatExpressSocket.services">
      <metrics statements="13" coveredstatements="13" conditionals="4" coveredconditionals="4" methods="5" coveredmethods="5"/>
      <file name="messageService.js" path="C:\Users\caroj\OneDrive\Images\Documents\Code\BackAvancéChat\AppliChatExpressSocket\services\messageService.js">
        <metrics statements="13" coveredstatements="13" conditionals="4" coveredconditionals="4" methods="5" coveredmethods="5"/>
        <line num="6" count="14" type="cond" truecount="2" falsecount="0"/>
        <line num="15" count="23" type="stmt"/>
        <line num="16" count="23" type="stmt"/>
        <line num="20" count="21" type="stmt"/>
        <line num="22" count="2" type="stmt"/>
        <line num="33" count="9" type="stmt"/>
        <line num="34" count="9" type="stmt"/>
        <line num="40" count="7" type="stmt"/>
        <line num="42" count="2" type="stmt"/>
        <line num="50" count="2" type="stmt"/>
        <line num="51" count="2" type="stmt"/>
        <line num="53" count="1" type="stmt"/>
        <line num="61" count="1" type="stmt"/>
      </file>
    </package>
    <package name="AppliChatExpressSocket.sockets">
      <metrics statements="52" coveredstatements="41" conditionals="12" coveredconditionals="12" methods="11" coveredmethods="6"/>
      <file name="chatSocket.js" path="C:\Users\caroj\OneDrive\Images\Documents\Code\BackAvancéChat\AppliChatExpressSocket\sockets\chatSocket.js">
        <metrics statements="52" coveredstatements="41" conditionals="12" coveredconditionals="12" methods="11" coveredmethods="6"/>
        <line num="10" count="1" type="stmt"/>
        <line num="11" count="21" type="stmt"/>
        <line num="13" count="21" type="stmt"/>
        <line num="16" count="21" type="stmt"/>
        <line num="17" count="15" type="stmt"/>
        <line num="18" count="15" type="cond" truecount="5" falsecount="0"/>
        <line num="19" count="1" type="stmt"/>
        <line num="20" count="1" type="stmt"/>
        <line num="23" count="14" type="stmt"/>
        <line num="24" count="14" type="stmt"/>
        <line num="27" count="14" type="stmt"/>
        <line num="28" count="14" type="stmt"/>
        <line num="31" count="14" type="stmt"/>
        <line num="34" count="0" type="stmt"/>
        <line num="35" count="0" type="stmt"/>
        <line num="40" count="21" type="stmt"/>
        <line num="41" count="7" type="stmt"/>
        <line num="42" count="7" type="cond" truecount="2" falsecount="0"/>
        <line num="43" count="1" type="stmt"/>
        <line num="44" count="1" type="stmt"/>
        <line num="48" count="6" type="stmt"/>
        <line num="49" count="6" type="cond" truecount="2" falsecount="0"/>
        <line num="50" count="1" type="stmt"/>
        <line num="51" count="1" type="stmt"/>
        <line num="55" count="5" type="stmt"/>
        <line num="58" count="4" type="stmt"/>
        <line num="65" count="4" type="stmt"/>
        <line num="66" count="4" type="stmt"/>
        <line num="69" count="1" type="stmt"/>
        <line num="70" count="1" type="stmt"/>
        <line num="75" count="21" type="cond" truecount="1" falsecount="0"/>
        <line num="76" count="2" type="stmt"/>
        <line num="77" count="2" type="stmt"/>
        <line num="78" count="1" type="stmt"/>
        <line num="80" count="1" type="stmt"/>
        <line num="81" count="1" type="stmt"/>
        <line num="86" count="21" type="stmt"/>
        <line num="87" count="17" type="cond" truecount="2" falsecount="0"/>
        <line num="88" count="11" type="stmt"/>
        <line num="89" count="11" type="stmt"/>
        <line num="91" count="6" type="stmt"/>
        <line num="96" count="21" type="stmt"/>
        <line num="97" count="0" type="stmt"/>
        <line num="101" count="1" type="stmt"/>
        <line num="110" count="0" type="stmt"/>
        <line num="111" count="0" type="stmt"/>
        <line num="112" count="0" type="stmt"/>
        <line num="113" count="0" type="stmt"/>
        <line num="114" count="0" type="stmt"/>
        <line num="115" count="0" type="stmt"/>
        <line num="122" count="0" type="stmt"/>
        <line num="124" count="0" type="stmt"/>
      </file>
    </package>
    <package name="AppliChatExpressSocket.utils">
      <metrics statements="17" coveredstatements="17" conditionals="23" coveredconditionals="23" methods="3" coveredmethods="3"/>
      <file name="messageFormatter.js" path="C:\Users\caroj\OneDrive\Images\Documents\Code\BackAvancéChat\AppliChatExpressSocket\utils\messageFormatter.js">
        <metrics statements="17" coveredstatements="17" conditionals="23" coveredconditionals="23" methods="3" coveredmethods="3"/>
        <line num="9" count="9" type="stmt"/>
        <line num="10" count="9" type="stmt"/>
        <line num="11" count="46" type="stmt"/>
        <line num="13" count="9" type="stmt"/>
        <line num="24" count="5" type="cond" truecount="4" falsecount="0"/>
        <line num="25" count="2" type="stmt"/>
        <line num="28" count="3" type="stmt"/>
        <line num="43" count="15" type="stmt"/>
        <line num="45" count="15" type="cond" truecount="5" falsecount="0"/>
        <line num="46" count="4" type="stmt"/>
        <line num="49" count="15" type="cond" truecount="4" falsecount="0"/>
        <line num="50" count="2" type="stmt"/>
        <line num="53" count="15" type="cond" truecount="5" falsecount="0"/>
        <line num="54" count="2" type="stmt"/>
        <line num="57" count="15" type="cond" truecount="4" falsecount="0"/>
        <line num="58" count="1" type="stmt"/>
        <line num="61" count="15" type="stmt"/>
      </file>
    </package>
  </project>
</coverage>
