{"C:\\Users\\caroj\\OneDrive\\Images\\Documents\\Code\\BackAvancéChat\\AppliChatExpressSocket\\app.js": {"path":"C:\\Users\\caroj\\OneDrive\\Images\\Documents\\Code\\BackAvancéChat\\AppliChatExpressSocket\\app.js","statementMap":{"0":{"start":{"line":8,"column":19},"end":{"line":8,"column":49}},"1":{"start":{"line":9,"column":18},"end":{"line":9,"column":37}},"2":{"start":{"line":12,"column":16},"end":{"line":12,"column":25}},"3":{"start":{"line":13,"column":23},"end":{"line":13,"column":61}},"4":{"start":{"line":16,"column":4},"end":{"line":16,"column":28}},"5":{"start":{"line":17,"column":4},"end":{"line":17,"column":52}},"6":{"start":{"line":20,"column":4},"end":{"line":20,"column":52}},"7":{"start":{"line":21,"column":4},"end":{"line":21,"column":35}},"8":{"start":{"line":24,"column":4},"end":{"line":24,"column":60}},"9":{"start":{"line":27,"column":4},"end":{"line":29,"column":7}},"10":{"start":{"line":28,"column":8},"end":{"line":28,"column":28}},"11":{"start":{"line":31,"column":4},"end":{"line":33,"column":7}},"12":{"start":{"line":32,"column":8},"end":{"line":32,"column":27}},"13":{"start":{"line":36,"column":4},"end":{"line":44,"column":7}},"14":{"start":{"line":37,"column":8},"end":{"line":43,"column":9}},"15":{"start":{"line":38,"column":26},"end":{"line":38,"column":57}},"16":{"start":{"line":39,"column":29},"end":{"line":39,"column":68}},"17":{"start":{"line":40,"column":12},"end":{"line":40,"column":31}},"18":{"start":{"line":42,"column":12},"end":{"line":42,"column":59}},"19":{"start":{"line":46,"column":4},"end":{"line":58,"column":7}},"20":{"start":{"line":47,"column":8},"end":{"line":57,"column":9}},"21":{"start":{"line":48,"column":40},"end":{"line":48,"column":48}},"22":{"start":{"line":49,"column":12},"end":{"line":51,"column":13}},"23":{"start":{"line":50,"column":16},"end":{"line":50,"column":90}},"24":{"start":{"line":53,"column":28},"end":{"line":53,"column":75}},"25":{"start":{"line":54,"column":12},"end":{"line":54,"column":42}},"26":{"start":{"line":56,"column":12},"end":{"line":56,"column":59}},"27":{"start":{"line":61,"column":4},"end":{"line":63,"column":7}},"28":{"start":{"line":62,"column":8},"end":{"line":62,"column":84}},"29":{"start":{"line":65,"column":4},"end":{"line":65,"column":15}}},"fnMap":{"0":{"name":"createApp","decl":{"start":{"line":11,"column":16},"end":{"line":11,"column":25}},"loc":{"start":{"line":11,"column":49},"end":{"line":66,"column":1}},"line":11},"1":{"name":"(anonymous_1)","decl":{"start":{"line":27,"column":22},"end":{"line":27,"column":23}},"loc":{"start":{"line":27,"column":36},"end":{"line":29,"column":5}},"line":27},"2":{"name":"(anonymous_2)","decl":{"start":{"line":31,"column":17},"end":{"line":31,"column":18}},"loc":{"start":{"line":31,"column":31},"end":{"line":33,"column":5}},"line":31},"3":{"name":"(anonymous_3)","decl":{"start":{"line":36,"column":29},"end":{"line":36,"column":30}},"loc":{"start":{"line":36,"column":49},"end":{"line":44,"column":5}},"line":36},"4":{"name":"(anonymous_4)","decl":{"start":{"line":46,"column":30},"end":{"line":46,"column":31}},"loc":{"start":{"line":46,"column":50},"end":{"line":58,"column":5}},"line":46},"5":{"name":"(anonymous_5)","decl":{"start":{"line":61,"column":23},"end":{"line":61,"column":24}},"loc":{"start":{"line":61,"column":37},"end":{"line":63,"column":5}},"line":61}},"branchMap":{"0":{"loc":{"start":{"line":11,"column":26},"end":{"line":11,"column":47}},"type":"default-arg","locations":[{"start":{"line":11,"column":43},"end":{"line":11,"column":47}}],"line":11},"1":{"loc":{"start":{"line":13,"column":23},"end":{"line":13,"column":61}},"type":"binary-expr","locations":[{"start":{"line":13,"column":23},"end":{"line":13,"column":37}},{"start":{"line":13,"column":41},"end":{"line":13,"column":61}}],"line":13},"2":{"loc":{"start":{"line":38,"column":26},"end":{"line":38,"column":57}},"type":"binary-expr","locations":[{"start":{"line":38,"column":26},"end":{"line":38,"column":51}},{"start":{"line":38,"column":55},"end":{"line":38,"column":57}}],"line":38},"3":{"loc":{"start":{"line":49,"column":12},"end":{"line":51,"column":13}},"type":"if","locations":[{"start":{"line":49,"column":12},"end":{"line":51,"column":13}},{"start":{},"end":{}}],"line":49},"4":{"loc":{"start":{"line":49,"column":16},"end":{"line":49,"column":35}},"type":"binary-expr","locations":[{"start":{"line":49,"column":16},"end":{"line":49,"column":24}},{"start":{"line":49,"column":28},"end":{"line":49,"column":35}}],"line":49}},"s":{"0":3,"1":3,"2":4,"3":4,"4":4,"5":4,"6":4,"7":4,"8":4,"9":4,"10":1,"11":4,"12":1,"13":4,"14":2,"15":2,"16":2,"17":2,"18":0,"19":4,"20":3,"21":3,"22":3,"23":2,"24":1,"25":1,"26":0,"27":4,"28":2,"29":4},"f":{"0":4,"1":1,"2":1,"3":2,"4":3,"5":2},"b":{"0":[3],"1":[4,3],"2":[2,1],"3":[2,1],"4":[3,2]},"_coverageSchema":"1a1c01bbd47fc00a2c39e90264f33305004495a9","hash":"fc3ad97e5eff87ae4ccfe0d26604f24d710d6206"}
,"C:\\Users\\caroj\\OneDrive\\Images\\Documents\\Code\\BackAvancéChat\\AppliChatExpressSocket\\jest.config.js": {"path":"C:\\Users\\caroj\\OneDrive\\Images\\Documents\\Code\\BackAvancéChat\\AppliChatExpressSocket\\jest.config.js","statementMap":{"0":{"start":{"line":16,"column":0},"end":{"line":16,"column":2}}},"fnMap":{},"branchMap":{},"s":{"0":0},"f":{},"b":{}}
,"C:\\Users\\caroj\\OneDrive\\Images\\Documents\\Code\\BackAvancéChat\\AppliChatExpressSocket\\services\\messageService.js": {"path":"C:\\Users\\caroj\\OneDrive\\Images\\Documents\\Code\\BackAvancéChat\\AppliChatExpressSocket\\services\\messageService.js","statementMap":{"0":{"start":{"line":6,"column":8},"end":{"line":6,"column":57}},"1":{"start":{"line":15,"column":8},"end":{"line":23,"column":9}},"2":{"start":{"line":16,"column":29},"end":{"line":19,"column":14}},"3":{"start":{"line":20,"column":12},"end":{"line":20,"column":38}},"4":{"start":{"line":22,"column":12},"end":{"line":22,"column":93}},"5":{"start":{"line":33,"column":8},"end":{"line":43,"column":9}},"6":{"start":{"line":34,"column":28},"end":{"line":39,"column":14}},"7":{"start":{"line":40,"column":12},"end":{"line":40,"column":27}},"8":{"start":{"line":42,"column":12},"end":{"line":42,"column":87}},"9":{"start":{"line":50,"column":8},"end":{"line":54,"column":9}},"10":{"start":{"line":51,"column":12},"end":{"line":51,"column":51}},"11":{"start":{"line":53,"column":12},"end":{"line":53,"column":92}},"12":{"start":{"line":61,"column":8},"end":{"line":61,"column":40}}},"fnMap":{"0":{"name":"(anonymous_0)","decl":{"start":{"line":5,"column":4},"end":{"line":5,"column":5}},"loc":{"start":{"line":5,"column":37},"end":{"line":7,"column":5}},"line":5},"1":{"name":"(anonymous_1)","decl":{"start":{"line":14,"column":4},"end":{"line":14,"column":5}},"loc":{"start":{"line":14,"column":72},"end":{"line":24,"column":5}},"line":14},"2":{"name":"(anonymous_2)","decl":{"start":{"line":32,"column":4},"end":{"line":32,"column":5}},"loc":{"start":{"line":32,"column":41},"end":{"line":44,"column":5}},"line":32},"3":{"name":"(anonymous_3)","decl":{"start":{"line":49,"column":4},"end":{"line":49,"column":5}},"loc":{"start":{"line":49,"column":30},"end":{"line":55,"column":5}},"line":49},"4":{"name":"(anonymous_4)","decl":{"start":{"line":60,"column":4},"end":{"line":60,"column":5}},"loc":{"start":{"line":60,"column":23},"end":{"line":62,"column":5}},"line":60}},"branchMap":{"0":{"loc":{"start":{"line":5,"column":16},"end":{"line":5,"column":35}},"type":"default-arg","locations":[{"start":{"line":5,"column":31},"end":{"line":5,"column":35}}],"line":5},"1":{"loc":{"start":{"line":6,"column":22},"end":{"line":6,"column":56}},"type":"binary-expr","locations":[{"start":{"line":6,"column":22},"end":{"line":6,"column":34}},{"start":{"line":6,"column":38},"end":{"line":6,"column":56}}],"line":6},"2":{"loc":{"start":{"line":14,"column":26},"end":{"line":14,"column":70}},"type":"default-arg","locations":[{"start":{"line":14,"column":34},"end":{"line":14,"column":70}}],"line":14}},"s":{"0":14,"1":23,"2":23,"3":21,"4":2,"5":9,"6":9,"7":7,"8":2,"9":2,"10":2,"11":1,"12":1},"f":{"0":14,"1":23,"2":9,"3":2,"4":1},"b":{"0":[3],"1":[14,3],"2":[2]},"_coverageSchema":"1a1c01bbd47fc00a2c39e90264f33305004495a9","hash":"d45b309a8831f8a48b2135968044c61d0b6dbeb5"}
,"C:\\Users\\caroj\\OneDrive\\Images\\Documents\\Code\\BackAvancéChat\\AppliChatExpressSocket\\sockets\\chatSocket.js": {"path":"C:\\Users\\caroj\\OneDrive\\Images\\Documents\\Code\\BackAvancéChat\\AppliChatExpressSocket\\sockets\\chatSocket.js","statementMap":{"0":{"start":{"line":10,"column":4},"end":{"line":99,"column":7}},"1":{"start":{"line":11,"column":23},"end":{"line":11,"column":25}},"2":{"start":{"line":13,"column":8},"end":{"line":13,"column":66}},"3":{"start":{"line":16,"column":8},"end":{"line":37,"column":11}},"4":{"start":{"line":17,"column":12},"end":{"line":36,"column":13}},"5":{"start":{"line":18,"column":16},"end":{"line":21,"column":17}},"6":{"start":{"line":19,"column":20},"end":{"line":19,"column":72}},"7":{"start":{"line":20,"column":20},"end":{"line":20,"column":27}},"8":{"start":{"line":23,"column":16},"end":{"line":23,"column":39}},"9":{"start":{"line":24,"column":16},"end":{"line":24,"column":79}},"10":{"start":{"line":27,"column":37},"end":{"line":27,"column":77}},"11":{"start":{"line":28,"column":16},"end":{"line":28,"column":58}},"12":{"start":{"line":31,"column":16},"end":{"line":31,"column":67}},"13":{"start":{"line":34,"column":16},"end":{"line":34,"column":81}},"14":{"start":{"line":35,"column":16},"end":{"line":35,"column":88}},"15":{"start":{"line":40,"column":8},"end":{"line":72,"column":11}},"16":{"start":{"line":41,"column":12},"end":{"line":71,"column":13}},"17":{"start":{"line":42,"column":16},"end":{"line":45,"column":17}},"18":{"start":{"line":43,"column":20},"end":{"line":43,"column":85}},"19":{"start":{"line":44,"column":20},"end":{"line":44,"column":27}},"20":{"start":{"line":48,"column":35},"end":{"line":48,"column":65}},"21":{"start":{"line":49,"column":16},"end":{"line":52,"column":17}},"22":{"start":{"line":50,"column":20},"end":{"line":50,"column":71}},"23":{"start":{"line":51,"column":20},"end":{"line":51,"column":27}},"24":{"start":{"line":55,"column":37},"end":{"line":55,"column":86}},"25":{"start":{"line":58,"column":36},"end":{"line":63,"column":17}},"26":{"start":{"line":65,"column":16},"end":{"line":65,"column":53}},"27":{"start":{"line":66,"column":16},"end":{"line":66,"column":62}},"28":{"start":{"line":69,"column":16},"end":{"line":69,"column":76}},"29":{"start":{"line":70,"column":16},"end":{"line":70,"column":75}},"30":{"start":{"line":75,"column":8},"end":{"line":83,"column":11}},"31":{"start":{"line":76,"column":12},"end":{"line":82,"column":13}},"32":{"start":{"line":77,"column":33},"end":{"line":77,"column":76}},"33":{"start":{"line":78,"column":16},"end":{"line":78,"column":54}},"34":{"start":{"line":80,"column":16},"end":{"line":80,"column":89}},"35":{"start":{"line":81,"column":16},"end":{"line":81,"column":88}},"36":{"start":{"line":86,"column":8},"end":{"line":93,"column":11}},"37":{"start":{"line":87,"column":12},"end":{"line":92,"column":13}},"38":{"start":{"line":88,"column":16},"end":{"line":88,"column":81}},"39":{"start":{"line":89,"column":16},"end":{"line":89,"column":65}},"40":{"start":{"line":91,"column":16},"end":{"line":91,"column":76}},"41":{"start":{"line":96,"column":8},"end":{"line":98,"column":11}},"42":{"start":{"line":97,"column":12},"end":{"line":97,"column":72}},"43":{"start":{"line":101,"column":4},"end":{"line":101,"column":14}},"44":{"start":{"line":110,"column":4},"end":{"line":127,"column":7}},"45":{"start":{"line":111,"column":8},"end":{"line":126,"column":11}},"46":{"start":{"line":112,"column":12},"end":{"line":125,"column":15}},"47":{"start":{"line":113,"column":28},"end":{"line":113,"column":53}},"48":{"start":{"line":114,"column":31},"end":{"line":114,"column":53}},"49":{"start":{"line":115,"column":27},"end":{"line":120,"column":18}},"50":{"start":{"line":122,"column":16},"end":{"line":122,"column":56}},"51":{"start":{"line":124,"column":16},"end":{"line":124,"column":43}}},"fnMap":{"0":{"name":"setupSocketHandlers","decl":{"start":{"line":9,"column":16},"end":{"line":9,"column":35}},"loc":{"start":{"line":9,"column":56},"end":{"line":102,"column":1}},"line":9},"1":{"name":"(anonymous_1)","decl":{"start":{"line":10,"column":24},"end":{"line":10,"column":25}},"loc":{"start":{"line":10,"column":36},"end":{"line":99,"column":5}},"line":10},"2":{"name":"(anonymous_2)","decl":{"start":{"line":16,"column":34},"end":{"line":16,"column":35}},"loc":{"start":{"line":16,"column":50},"end":{"line":37,"column":9}},"line":16},"3":{"name":"(anonymous_3)","decl":{"start":{"line":40,"column":34},"end":{"line":40,"column":35}},"loc":{"start":{"line":40,"column":49},"end":{"line":72,"column":9}},"line":40},"4":{"name":"(anonymous_4)","decl":{"start":{"line":75,"column":33},"end":{"line":75,"column":34}},"loc":{"start":{"line":75,"column":55},"end":{"line":83,"column":9}},"line":75},"5":{"name":"(anonymous_5)","decl":{"start":{"line":86,"column":32},"end":{"line":86,"column":33}},"loc":{"start":{"line":86,"column":38},"end":{"line":93,"column":9}},"line":86},"6":{"name":"(anonymous_6)","decl":{"start":{"line":96,"column":27},"end":{"line":96,"column":28}},"loc":{"start":{"line":96,"column":38},"end":{"line":98,"column":9}},"line":96},"7":{"name":"createTestServer","decl":{"start":{"line":109,"column":16},"end":{"line":109,"column":32}},"loc":{"start":{"line":109,"column":49},"end":{"line":128,"column":1}},"line":109},"8":{"name":"(anonymous_8)","decl":{"start":{"line":110,"column":24},"end":{"line":110,"column":25}},"loc":{"start":{"line":110,"column":32},"end":{"line":127,"column":5}},"line":110},"9":{"name":"(anonymous_9)","decl":{"start":{"line":111,"column":33},"end":{"line":111,"column":34}},"loc":{"start":{"line":111,"column":49},"end":{"line":126,"column":9}},"line":111},"10":{"name":"(anonymous_10)","decl":{"start":{"line":112,"column":37},"end":{"line":112,"column":38}},"loc":{"start":{"line":112,"column":56},"end":{"line":125,"column":13}},"line":112}},"branchMap":{"0":{"loc":{"start":{"line":18,"column":16},"end":{"line":21,"column":17}},"type":"if","locations":[{"start":{"line":18,"column":16},"end":{"line":21,"column":17}},{"start":{},"end":{}}],"line":18},"1":{"loc":{"start":{"line":18,"column":20},"end":{"line":18,"column":81}},"type":"binary-expr","locations":[{"start":{"line":18,"column":20},"end":{"line":18,"column":25}},{"start":{"line":18,"column":29},"end":{"line":18,"column":53}},{"start":{"line":18,"column":57},"end":{"line":18,"column":81}}],"line":18},"2":{"loc":{"start":{"line":42,"column":16},"end":{"line":45,"column":17}},"type":"if","locations":[{"start":{"line":42,"column":16},"end":{"line":45,"column":17}},{"start":{},"end":{}}],"line":42},"3":{"loc":{"start":{"line":49,"column":16},"end":{"line":52,"column":17}},"type":"if","locations":[{"start":{"line":49,"column":16},"end":{"line":52,"column":17}},{"start":{},"end":{}}],"line":49},"4":{"loc":{"start":{"line":75,"column":40},"end":{"line":75,"column":50}},"type":"default-arg","locations":[{"start":{"line":75,"column":48},"end":{"line":75,"column":50}}],"line":75},"5":{"loc":{"start":{"line":87,"column":12},"end":{"line":92,"column":13}},"type":"if","locations":[{"start":{"line":87,"column":12},"end":{"line":92,"column":13}},{"start":{"line":90,"column":19},"end":{"line":92,"column":13}}],"line":87}},"s":{"0":1,"1":21,"2":21,"3":21,"4":15,"5":15,"6":1,"7":1,"8":14,"9":14,"10":14,"11":14,"12":14,"13":0,"14":0,"15":21,"16":7,"17":7,"18":1,"19":1,"20":6,"21":6,"22":1,"23":1,"24":5,"25":4,"26":4,"27":4,"28":1,"29":1,"30":21,"31":2,"32":2,"33":1,"34":1,"35":1,"36":21,"37":17,"38":11,"39":11,"40":6,"41":21,"42":0,"43":1,"44":0,"45":0,"46":0,"47":0,"48":0,"49":0,"50":0,"51":0},"f":{"0":1,"1":21,"2":15,"3":7,"4":2,"5":17,"6":0,"7":0,"8":0,"9":0,"10":0},"b":{"0":[1,14],"1":[15,14,14],"2":[1,6],"3":[1,5],"4":[1],"5":[11,6]},"_coverageSchema":"1a1c01bbd47fc00a2c39e90264f33305004495a9","hash":"6270ca024f57b914308115265bd2690ff38aea98"}
,"C:\\Users\\caroj\\OneDrive\\Images\\Documents\\Code\\BackAvancéChat\\AppliChatExpressSocket\\utils\\messageFormatter.js": {"path":"C:\\Users\\caroj\\OneDrive\\Images\\Documents\\Code\\BackAvancéChat\\AppliChatExpressSocket\\utils\\messageFormatter.js","statementMap":{"0":{"start":{"line":9,"column":15},"end":{"line":9,"column":16}},"1":{"start":{"line":10,"column":4},"end":{"line":12,"column":5}},"2":{"start":{"line":10,"column":17},"end":{"line":10,"column":18}},"3":{"start":{"line":11,"column":8},"end":{"line":11,"column":57}},"4":{"start":{"line":13,"column":4},"end":{"line":13,"column":68}},"5":{"start":{"line":24,"column":4},"end":{"line":26,"column":5}},"6":{"start":{"line":25,"column":8},"end":{"line":25,"column":59}},"7":{"start":{"line":28,"column":4},"end":{"line":33,"column":6}},"8":{"start":{"line":43,"column":19},"end":{"line":43,"column":21}},"9":{"start":{"line":45,"column":4},"end":{"line":47,"column":5}},"10":{"start":{"line":46,"column":8},"end":{"line":46,"column":67}},"11":{"start":{"line":49,"column":4},"end":{"line":51,"column":5}},"12":{"start":{"line":50,"column":8},"end":{"line":50,"column":103}},"13":{"start":{"line":53,"column":4},"end":{"line":55,"column":5}},"14":{"start":{"line":54,"column":8},"end":{"line":54,"column":55}},"15":{"start":{"line":57,"column":4},"end":{"line":59,"column":5}},"16":{"start":{"line":58,"column":8},"end":{"line":58,"column":101}},"17":{"start":{"line":61,"column":4},"end":{"line":64,"column":6}}},"fnMap":{"0":{"name":"getUsernameColor","decl":{"start":{"line":8,"column":16},"end":{"line":8,"column":32}},"loc":{"start":{"line":8,"column":39},"end":{"line":14,"column":1}},"line":8},"1":{"name":"formatMessage","decl":{"start":{"line":23,"column":16},"end":{"line":23,"column":29}},"loc":{"start":{"line":23,"column":71},"end":{"line":34,"column":1}},"line":23},"2":{"name":"validateMessage","decl":{"start":{"line":42,"column":16},"end":{"line":42,"column":31}},"loc":{"start":{"line":42,"column":49},"end":{"line":65,"column":1}},"line":42}},"branchMap":{"0":{"loc":{"start":{"line":23,"column":47},"end":{"line":23,"column":69}},"type":"default-arg","locations":[{"start":{"line":23,"column":59},"end":{"line":23,"column":69}}],"line":23},"1":{"loc":{"start":{"line":24,"column":4},"end":{"line":26,"column":5}},"type":"if","locations":[{"start":{"line":24,"column":4},"end":{"line":26,"column":5}},{"start":{},"end":{}}],"line":24},"2":{"loc":{"start":{"line":24,"column":8},"end":{"line":24,"column":27}},"type":"binary-expr","locations":[{"start":{"line":24,"column":8},"end":{"line":24,"column":16}},{"start":{"line":24,"column":20},"end":{"line":24,"column":27}}],"line":24},"3":{"loc":{"start":{"line":45,"column":4},"end":{"line":47,"column":5}},"type":"if","locations":[{"start":{"line":45,"column":4},"end":{"line":47,"column":5}},{"start":{},"end":{}}],"line":45},"4":{"loc":{"start":{"line":45,"column":8},"end":{"line":45,"column":78}},"type":"binary-expr","locations":[{"start":{"line":45,"column":8},"end":{"line":45,"column":16}},{"start":{"line":45,"column":20},"end":{"line":45,"column":47}},{"start":{"line":45,"column":51},"end":{"line":45,"column":78}}],"line":45},"5":{"loc":{"start":{"line":49,"column":4},"end":{"line":51,"column":5}},"type":"if","locations":[{"start":{"line":49,"column":4},"end":{"line":51,"column":5}},{"start":{},"end":{}}],"line":49},"6":{"loc":{"start":{"line":49,"column":8},"end":{"line":49,"column":69}},"type":"binary-expr","locations":[{"start":{"line":49,"column":8},"end":{"line":49,"column":15}},{"start":{"line":49,"column":19},"end":{"line":49,"column":69}}],"line":49},"7":{"loc":{"start":{"line":53,"column":4},"end":{"line":55,"column":5}},"type":"if","locations":[{"start":{"line":53,"column":4},"end":{"line":55,"column":5}},{"start":{},"end":{}}],"line":53},"8":{"loc":{"start":{"line":53,"column":8},"end":{"line":53,"column":75}},"type":"binary-expr","locations":[{"start":{"line":53,"column":8},"end":{"line":53,"column":15}},{"start":{"line":53,"column":19},"end":{"line":53,"column":45}},{"start":{"line":53,"column":49},"end":{"line":53,"column":75}}],"line":53},"9":{"loc":{"start":{"line":57,"column":4},"end":{"line":59,"column":5}},"type":"if","locations":[{"start":{"line":57,"column":4},"end":{"line":59,"column":5}},{"start":{},"end":{}}],"line":57},"10":{"loc":{"start":{"line":57,"column":8},"end":{"line":57,"column":66}},"type":"binary-expr","locations":[{"start":{"line":57,"column":8},"end":{"line":57,"column":14}},{"start":{"line":57,"column":18},"end":{"line":57,"column":66}}],"line":57}},"s":{"0":9,"1":9,"2":9,"3":46,"4":9,"5":5,"6":2,"7":3,"8":15,"9":15,"10":4,"11":15,"12":2,"13":15,"14":2,"15":15,"16":1,"17":15},"f":{"0":9,"1":5,"2":15},"b":{"0":[4],"1":[2,3],"2":[5,4],"3":[4,11],"4":[15,11,11],"5":[2,13],"6":[15,11],"7":[2,13],"8":[15,13,13],"9":[1,14],"10":[15,13]},"_coverageSchema":"1a1c01bbd47fc00a2c39e90264f33305004495a9","hash":"cc50aef37afba7d48918515e8a9cdd73a7c0a181"}
}
