{"C:\\Users\\caroj\\OneDrive\\Images\\Documents\\Code\\BackAvancéChat\\AppliChatExpressSocket\\app.js": {"path":"C:\\Users\\caroj\\OneDrive\\Images\\Documents\\Code\\BackAvancéChat\\AppliChatExpressSocket\\app.js","statementMap":{"0":{"start":{"line":8,"column":19},"end":{"line":8,"column":49}},"1":{"start":{"line":9,"column":18},"end":{"line":9,"column":37}},"2":{"start":{"line":12,"column":16},"end":{"line":12,"column":25}},"3":{"start":{"line":13,"column":23},"end":{"line":13,"column":61}},"4":{"start":{"line":16,"column":4},"end":{"line":16,"column":28}},"5":{"start":{"line":17,"column":4},"end":{"line":17,"column":52}},"6":{"start":{"line":20,"column":4},"end":{"line":20,"column":52}},"7":{"start":{"line":21,"column":4},"end":{"line":21,"column":35}},"8":{"start":{"line":24,"column":4},"end":{"line":24,"column":60}},"9":{"start":{"line":27,"column":4},"end":{"line":29,"column":7}},"10":{"start":{"line":28,"column":8},"end":{"line":28,"column":28}},"11":{"start":{"line":31,"column":4},"end":{"line":33,"column":7}},"12":{"start":{"line":32,"column":8},"end":{"line":32,"column":27}},"13":{"start":{"line":36,"column":4},"end":{"line":44,"column":7}},"14":{"start":{"line":37,"column":8},"end":{"line":43,"column":9}},"15":{"start":{"line":38,"column":26},"end":{"line":38,"column":57}},"16":{"start":{"line":39,"column":29},"end":{"line":39,"column":68}},"17":{"start":{"line":40,"column":12},"end":{"line":40,"column":31}},"18":{"start":{"line":42,"column":12},"end":{"line":42,"column":59}},"19":{"start":{"line":46,"column":4},"end":{"line":58,"column":7}},"20":{"start":{"line":47,"column":8},"end":{"line":57,"column":9}},"21":{"start":{"line":48,"column":40},"end":{"line":48,"column":48}},"22":{"start":{"line":49,"column":12},"end":{"line":51,"column":13}},"23":{"start":{"line":50,"column":16},"end":{"line":50,"column":90}},"24":{"start":{"line":53,"column":28},"end":{"line":53,"column":75}},"25":{"start":{"line":54,"column":12},"end":{"line":54,"column":42}},"26":{"start":{"line":56,"column":12},"end":{"line":56,"column":59}},"27":{"start":{"line":61,"column":4},"end":{"line":63,"column":7}},"28":{"start":{"line":62,"column":8},"end":{"line":62,"column":84}},"29":{"start":{"line":65,"column":4},"end":{"line":65,"column":15}}},"fnMap":{"0":{"name":"createApp","decl":{"start":{"line":11,"column":16},"end":{"line":11,"column":25}},"loc":{"start":{"line":11,"column":49},"end":{"line":66,"column":1}},"line":11},"1":{"name":"(anonymous_1)","decl":{"start":{"line":27,"column":22},"end":{"line":27,"column":23}},"loc":{"start":{"line":27,"column":36},"end":{"line":29,"column":5}},"line":27},"2":{"name":"(anonymous_2)","decl":{"start":{"line":31,"column":17},"end":{"line":31,"column":18}},"loc":{"start":{"line":31,"column":31},"end":{"line":33,"column":5}},"line":31},"3":{"name":"(anonymous_3)","decl":{"start":{"line":36,"column":29},"end":{"line":36,"column":30}},"loc":{"start":{"line":36,"column":49},"end":{"line":44,"column":5}},"line":36},"4":{"name":"(anonymous_4)","decl":{"start":{"line":46,"column":30},"end":{"line":46,"column":31}},"loc":{"start":{"line":46,"column":50},"end":{"line":58,"column":5}},"line":46},"5":{"name":"(anonymous_5)","decl":{"start":{"line":61,"column":23},"end":{"line":61,"column":24}},"loc":{"start":{"line":61,"column":37},"end":{"line":63,"column":5}},"line":61}},"branchMap":{"0":{"loc":{"start":{"line":11,"column":26},"end":{"line":11,"column":47}},"type":"default-arg","locations":[{"start":{"line":11,"column":43},"end":{"line":11,"column":47}}],"line":11},"1":{"loc":{"start":{"line":13,"column":23},"end":{"line":13,"column":61}},"type":"binary-expr","locations":[{"start":{"line":13,"column":23},"end":{"line":13,"column":37}},{"start":{"line":13,"column":41},"end":{"line":13,"column":61}}],"line":13},"2":{"loc":{"start":{"line":38,"column":26},"end":{"line":38,"column":57}},"type":"binary-expr","locations":[{"start":{"line":38,"column":26},"end":{"line":38,"column":51}},{"start":{"line":38,"column":55},"end":{"line":38,"column":57}}],"line":38},"3":{"loc":{"start":{"line":49,"column":12},"end":{"line":51,"column":13}},"type":"if","locations":[{"start":{"line":49,"column":12},"end":{"line":51,"column":13}},{"start":{},"end":{}}],"line":49},"4":{"loc":{"start":{"line":49,"column":16},"end":{"line":49,"column":35}},"type":"binary-expr","locations":[{"start":{"line":49,"column":16},"end":{"line":49,"column":24}},{"start":{"line":49,"column":28},"end":{"line":49,"column":35}}],"line":49}},"s":{"0":2,"1":2,"2":3,"3":3,"4":3,"5":3,"6":3,"7":3,"8":3,"9":3,"10":1,"11":3,"12":1,"13":3,"14":2,"15":2,"16":2,"17":2,"18":0,"19":3,"20":3,"21":3,"22":3,"23":2,"24":1,"25":1,"26":0,"27":3,"28":2,"29":3},"f":{"0":3,"1":1,"2":1,"3":2,"4":3,"5":2},"b":{"0":[3],"1":[3,3],"2":[2,1],"3":[2,1],"4":[3,2]},"_coverageSchema":"1a1c01bbd47fc00a2c39e90264f33305004495a9","hash":"fc3ad97e5eff87ae4ccfe0d26604f24d710d6206"}
,"C:\\Users\\caroj\\OneDrive\\Images\\Documents\\Code\\BackAvancéChat\\AppliChatExpressSocket\\jest.config.js": {"path":"C:\\Users\\caroj\\OneDrive\\Images\\Documents\\Code\\BackAvancéChat\\AppliChatExpressSocket\\jest.config.js","statementMap":{},"fnMap":{},"branchMap":{},"s":{},"f":{},"b":{}}
,"C:\\Users\\caroj\\OneDrive\\Images\\Documents\\Code\\BackAvancéChat\\AppliChatExpressSocket\\services\\messageService.js": {"path":"C:\\Users\\caroj\\OneDrive\\Images\\Documents\\Code\\BackAvancéChat\\AppliChatExpressSocket\\services\\messageService.js","statementMap":{"0":{"start":{"line":6,"column":8},"end":{"line":6,"column":57}},"1":{"start":{"line":15,"column":8},"end":{"line":23,"column":9}},"2":{"start":{"line":16,"column":29},"end":{"line":19,"column":14}},"3":{"start":{"line":20,"column":12},"end":{"line":20,"column":38}},"4":{"start":{"line":22,"column":12},"end":{"line":22,"column":93}},"5":{"start":{"line":33,"column":8},"end":{"line":43,"column":9}},"6":{"start":{"line":34,"column":28},"end":{"line":39,"column":14}},"7":{"start":{"line":40,"column":12},"end":{"line":40,"column":27}},"8":{"start":{"line":42,"column":12},"end":{"line":42,"column":87}},"9":{"start":{"line":50,"column":8},"end":{"line":54,"column":9}},"10":{"start":{"line":51,"column":12},"end":{"line":51,"column":51}},"11":{"start":{"line":53,"column":12},"end":{"line":53,"column":92}},"12":{"start":{"line":61,"column":8},"end":{"line":61,"column":40}}},"fnMap":{"0":{"name":"(anonymous_0)","decl":{"start":{"line":5,"column":4},"end":{"line":5,"column":5}},"loc":{"start":{"line":5,"column":37},"end":{"line":7,"column":5}},"line":5},"1":{"name":"(anonymous_1)","decl":{"start":{"line":14,"column":4},"end":{"line":14,"column":5}},"loc":{"start":{"line":14,"column":72},"end":{"line":24,"column":5}},"line":14},"2":{"name":"(anonymous_2)","decl":{"start":{"line":32,"column":4},"end":{"line":32,"column":5}},"loc":{"start":{"line":32,"column":41},"end":{"line":44,"column":5}},"line":32},"3":{"name":"(anonymous_3)","decl":{"start":{"line":49,"column":4},"end":{"line":49,"column":5}},"loc":{"start":{"line":49,"column":30},"end":{"line":55,"column":5}},"line":49},"4":{"name":"(anonymous_4)","decl":{"start":{"line":60,"column":4},"end":{"line":60,"column":5}},"loc":{"start":{"line":60,"column":23},"end":{"line":62,"column":5}},"line":60}},"branchMap":{"0":{"loc":{"start":{"line":5,"column":16},"end":{"line":5,"column":35}},"type":"default-arg","locations":[{"start":{"line":5,"column":31},"end":{"line":5,"column":35}}],"line":5},"1":{"loc":{"start":{"line":6,"column":22},"end":{"line":6,"column":56}},"type":"binary-expr","locations":[{"start":{"line":6,"column":22},"end":{"line":6,"column":34}},{"start":{"line":6,"column":38},"end":{"line":6,"column":56}}],"line":6},"2":{"loc":{"start":{"line":14,"column":26},"end":{"line":14,"column":70}},"type":"default-arg","locations":[{"start":{"line":14,"column":34},"end":{"line":14,"column":70}}],"line":14}},"s":{"0":13,"1":7,"2":7,"3":6,"4":1,"5":4,"6":4,"7":3,"8":1,"9":2,"10":2,"11":1,"12":1},"f":{"0":13,"1":7,"2":4,"3":2,"4":1},"b":{"0":[3],"1":[13,3],"2":[2]},"_coverageSchema":"1a1c01bbd47fc00a2c39e90264f33305004495a9","hash":"d45b309a8831f8a48b2135968044c61d0b6dbeb5"}
,"C:\\Users\\caroj\\OneDrive\\Images\\Documents\\Code\\BackAvancéChat\\AppliChatExpressSocket\\utils\\messageFormatter.js": {"path":"C:\\Users\\caroj\\OneDrive\\Images\\Documents\\Code\\BackAvancéChat\\AppliChatExpressSocket\\utils\\messageFormatter.js","statementMap":{"0":{"start":{"line":9,"column":15},"end":{"line":9,"column":16}},"1":{"start":{"line":10,"column":4},"end":{"line":12,"column":5}},"2":{"start":{"line":10,"column":17},"end":{"line":10,"column":18}},"3":{"start":{"line":11,"column":8},"end":{"line":11,"column":57}},"4":{"start":{"line":13,"column":4},"end":{"line":13,"column":68}},"5":{"start":{"line":24,"column":4},"end":{"line":26,"column":5}},"6":{"start":{"line":25,"column":8},"end":{"line":25,"column":59}},"7":{"start":{"line":28,"column":4},"end":{"line":33,"column":6}},"8":{"start":{"line":43,"column":19},"end":{"line":43,"column":21}},"9":{"start":{"line":45,"column":4},"end":{"line":47,"column":5}},"10":{"start":{"line":46,"column":8},"end":{"line":46,"column":67}},"11":{"start":{"line":49,"column":4},"end":{"line":51,"column":5}},"12":{"start":{"line":50,"column":8},"end":{"line":50,"column":103}},"13":{"start":{"line":53,"column":4},"end":{"line":55,"column":5}},"14":{"start":{"line":54,"column":8},"end":{"line":54,"column":55}},"15":{"start":{"line":57,"column":4},"end":{"line":59,"column":5}},"16":{"start":{"line":58,"column":8},"end":{"line":58,"column":101}},"17":{"start":{"line":61,"column":4},"end":{"line":64,"column":6}}},"fnMap":{"0":{"name":"getUsernameColor","decl":{"start":{"line":8,"column":16},"end":{"line":8,"column":32}},"loc":{"start":{"line":8,"column":39},"end":{"line":14,"column":1}},"line":8},"1":{"name":"formatMessage","decl":{"start":{"line":23,"column":16},"end":{"line":23,"column":29}},"loc":{"start":{"line":23,"column":71},"end":{"line":34,"column":1}},"line":23},"2":{"name":"validateMessage","decl":{"start":{"line":42,"column":16},"end":{"line":42,"column":31}},"loc":{"start":{"line":42,"column":49},"end":{"line":65,"column":1}},"line":42}},"branchMap":{"0":{"loc":{"start":{"line":23,"column":47},"end":{"line":23,"column":69}},"type":"default-arg","locations":[{"start":{"line":23,"column":59},"end":{"line":23,"column":69}}],"line":23},"1":{"loc":{"start":{"line":24,"column":4},"end":{"line":26,"column":5}},"type":"if","locations":[{"start":{"line":24,"column":4},"end":{"line":26,"column":5}},{"start":{},"end":{}}],"line":24},"2":{"loc":{"start":{"line":24,"column":8},"end":{"line":24,"column":27}},"type":"binary-expr","locations":[{"start":{"line":24,"column":8},"end":{"line":24,"column":16}},{"start":{"line":24,"column":20},"end":{"line":24,"column":27}}],"line":24},"3":{"loc":{"start":{"line":45,"column":4},"end":{"line":47,"column":5}},"type":"if","locations":[{"start":{"line":45,"column":4},"end":{"line":47,"column":5}},{"start":{},"end":{}}],"line":45},"4":{"loc":{"start":{"line":45,"column":8},"end":{"line":45,"column":78}},"type":"binary-expr","locations":[{"start":{"line":45,"column":8},"end":{"line":45,"column":16}},{"start":{"line":45,"column":20},"end":{"line":45,"column":47}},{"start":{"line":45,"column":51},"end":{"line":45,"column":78}}],"line":45},"5":{"loc":{"start":{"line":49,"column":4},"end":{"line":51,"column":5}},"type":"if","locations":[{"start":{"line":49,"column":4},"end":{"line":51,"column":5}},{"start":{},"end":{}}],"line":49},"6":{"loc":{"start":{"line":49,"column":8},"end":{"line":49,"column":69}},"type":"binary-expr","locations":[{"start":{"line":49,"column":8},"end":{"line":49,"column":15}},{"start":{"line":49,"column":19},"end":{"line":49,"column":69}}],"line":49},"7":{"loc":{"start":{"line":53,"column":4},"end":{"line":55,"column":5}},"type":"if","locations":[{"start":{"line":53,"column":4},"end":{"line":55,"column":5}},{"start":{},"end":{}}],"line":53},"8":{"loc":{"start":{"line":53,"column":8},"end":{"line":53,"column":75}},"type":"binary-expr","locations":[{"start":{"line":53,"column":8},"end":{"line":53,"column":15}},{"start":{"line":53,"column":19},"end":{"line":53,"column":45}},{"start":{"line":53,"column":49},"end":{"line":53,"column":75}}],"line":53},"9":{"loc":{"start":{"line":57,"column":4},"end":{"line":59,"column":5}},"type":"if","locations":[{"start":{"line":57,"column":4},"end":{"line":59,"column":5}},{"start":{},"end":{}}],"line":57},"10":{"loc":{"start":{"line":57,"column":8},"end":{"line":57,"column":66}},"type":"binary-expr","locations":[{"start":{"line":57,"column":8},"end":{"line":57,"column":14}},{"start":{"line":57,"column":18},"end":{"line":57,"column":66}}],"line":57}},"s":{"0":9,"1":9,"2":9,"3":46,"4":9,"5":5,"6":2,"7":3,"8":9,"9":9,"10":4,"11":9,"12":1,"13":9,"14":2,"15":9,"16":1,"17":9},"f":{"0":9,"1":5,"2":9},"b":{"0":[4],"1":[2,3],"2":[5,4],"3":[4,5],"4":[9,5,5],"5":[1,8],"6":[9,5],"7":[2,7],"8":[9,7,7],"9":[1,8],"10":[9,7]},"_coverageSchema":"1a1c01bbd47fc00a2c39e90264f33305004495a9","hash":"cc50aef37afba7d48918515e8a9cdd73a7c0a181"}
}
