TN:
SF:app.js
FN:11,createApp
FN:27,(anonymous_1)
FN:31,(anonymous_2)
FN:36,(anonymous_3)
FN:46,(anonymous_4)
FN:61,(anonymous_5)
FNF:6
FNH:6
FNDA:4,createApp
FNDA:1,(anonymous_1)
FNDA:1,(anonymous_2)
FNDA:2,(anonymous_3)
FNDA:3,(anonymous_4)
FNDA:2,(anonymous_5)
DA:8,3
DA:9,3
DA:12,4
DA:13,4
DA:16,4
DA:17,4
DA:20,4
DA:21,4
DA:24,4
DA:27,4
DA:28,1
DA:31,4
DA:32,1
DA:36,4
DA:37,2
DA:38,2
DA:39,2
DA:40,2
DA:42,0
DA:46,4
DA:47,3
DA:48,3
DA:49,3
DA:50,2
DA:53,1
DA:54,1
DA:56,0
DA:61,4
DA:62,2
DA:65,4
LF:30
LH:28
BRDA:11,0,0,3
BRDA:13,1,0,4
BRDA:13,1,1,3
BRDA:38,2,0,2
BRDA:38,2,1,1
BRDA:49,3,0,2
BRDA:49,3,1,1
BRDA:49,4,0,3
BRDA:49,4,1,2
BRF:9
BRH:9
end_of_record
TN:
SF:jest.config.js
FNF:0
FNH:0
DA:16,0
LF:1
LH:0
BRF:0
BRH:0
end_of_record
TN:
SF:services\messageService.js
FN:5,(anonymous_0)
FN:14,(anonymous_1)
FN:32,(anonymous_2)
FN:49,(anonymous_3)
FN:60,(anonymous_4)
FNF:5
FNH:5
FNDA:14,(anonymous_0)
FNDA:23,(anonymous_1)
FNDA:9,(anonymous_2)
FNDA:2,(anonymous_3)
FNDA:1,(anonymous_4)
DA:6,14
DA:15,23
DA:16,23
DA:20,21
DA:22,2
DA:33,9
DA:34,9
DA:40,7
DA:42,2
DA:50,2
DA:51,2
DA:53,1
DA:61,1
LF:13
LH:13
BRDA:5,0,0,3
BRDA:6,1,0,14
BRDA:6,1,1,3
BRDA:14,2,0,2
BRF:4
BRH:4
end_of_record
TN:
SF:sockets\chatSocket.js
FN:9,setupSocketHandlers
FN:10,(anonymous_1)
FN:16,(anonymous_2)
FN:40,(anonymous_3)
FN:75,(anonymous_4)
FN:86,(anonymous_5)
FN:96,(anonymous_6)
FN:109,createTestServer
FN:110,(anonymous_8)
FN:111,(anonymous_9)
FN:112,(anonymous_10)
FNF:11
FNH:6
FNDA:1,setupSocketHandlers
FNDA:21,(anonymous_1)
FNDA:15,(anonymous_2)
FNDA:7,(anonymous_3)
FNDA:2,(anonymous_4)
FNDA:17,(anonymous_5)
FNDA:0,(anonymous_6)
FNDA:0,createTestServer
FNDA:0,(anonymous_8)
FNDA:0,(anonymous_9)
FNDA:0,(anonymous_10)
DA:10,1
DA:11,21
DA:13,21
DA:16,21
DA:17,15
DA:18,15
DA:19,1
DA:20,1
DA:23,14
DA:24,14
DA:27,14
DA:28,14
DA:31,14
DA:34,0
DA:35,0
DA:40,21
DA:41,7
DA:42,7
DA:43,1
DA:44,1
DA:48,6
DA:49,6
DA:50,1
DA:51,1
DA:55,5
DA:58,4
DA:65,4
DA:66,4
DA:69,1
DA:70,1
DA:75,21
DA:76,2
DA:77,2
DA:78,1
DA:80,1
DA:81,1
DA:86,21
DA:87,17
DA:88,11
DA:89,11
DA:91,6
DA:96,21
DA:97,0
DA:101,1
DA:110,0
DA:111,0
DA:112,0
DA:113,0
DA:114,0
DA:115,0
DA:122,0
DA:124,0
LF:52
LH:41
BRDA:18,0,0,1
BRDA:18,0,1,14
BRDA:18,1,0,15
BRDA:18,1,1,14
BRDA:18,1,2,14
BRDA:42,2,0,1
BRDA:42,2,1,6
BRDA:49,3,0,1
BRDA:49,3,1,5
BRDA:75,4,0,1
BRDA:87,5,0,11
BRDA:87,5,1,6
BRF:12
BRH:12
end_of_record
TN:
SF:utils\messageFormatter.js
FN:8,getUsernameColor
FN:23,formatMessage
FN:42,validateMessage
FNF:3
FNH:3
FNDA:9,getUsernameColor
FNDA:5,formatMessage
FNDA:15,validateMessage
DA:9,9
DA:10,9
DA:11,46
DA:13,9
DA:24,5
DA:25,2
DA:28,3
DA:43,15
DA:45,15
DA:46,4
DA:49,15
DA:50,2
DA:53,15
DA:54,2
DA:57,15
DA:58,1
DA:61,15
LF:17
LH:17
BRDA:23,0,0,4
BRDA:24,1,0,2
BRDA:24,1,1,3
BRDA:24,2,0,5
BRDA:24,2,1,4
BRDA:45,3,0,4
BRDA:45,3,1,11
BRDA:45,4,0,15
BRDA:45,4,1,11
BRDA:45,4,2,11
BRDA:49,5,0,2
BRDA:49,5,1,13
BRDA:49,6,0,15
BRDA:49,6,1,11
BRDA:53,7,0,2
BRDA:53,7,1,13
BRDA:53,8,0,15
BRDA:53,8,1,13
BRDA:53,8,2,13
BRDA:57,9,0,1
BRDA:57,9,1,14
BRDA:57,10,0,15
BRDA:57,10,1,13
BRF:23
BRH:23
end_of_record
