TN:
SF:app.js
FN:11,createApp
FN:27,(anonymous_1)
FN:31,(anonymous_2)
FN:36,(anonymous_3)
FN:46,(anonymous_4)
FN:61,(anonymous_5)
FNF:6
FNH:6
FNDA:3,createApp
FNDA:1,(anonymous_1)
FNDA:1,(anonymous_2)
FNDA:2,(anonymous_3)
FNDA:3,(anonymous_4)
FNDA:2,(anonymous_5)
DA:8,2
DA:9,2
DA:12,3
DA:13,3
DA:16,3
DA:17,3
DA:20,3
DA:21,3
DA:24,3
DA:27,3
DA:28,1
DA:31,3
DA:32,1
DA:36,3
DA:37,2
DA:38,2
DA:39,2
DA:40,2
DA:42,0
DA:46,3
DA:47,3
DA:48,3
DA:49,3
DA:50,2
DA:53,1
DA:54,1
DA:56,0
DA:61,3
DA:62,2
DA:65,3
LF:30
LH:28
BRDA:11,0,0,3
BRDA:13,1,0,3
BRDA:13,1,1,3
BRDA:38,2,0,2
BRDA:38,2,1,1
BRDA:49,3,0,2
BRDA:49,3,1,1
BRDA:49,4,0,3
BRDA:49,4,1,2
BRF:9
BRH:9
end_of_record
TN:
SF:jest.config.js
FNF:0
FNH:0
LF:0
LH:0
BRF:0
BRH:0
end_of_record
TN:
SF:services\messageService.js
FN:5,(anonymous_0)
FN:14,(anonymous_1)
FN:32,(anonymous_2)
FN:49,(anonymous_3)
FN:60,(anonymous_4)
FNF:5
FNH:5
FNDA:13,(anonymous_0)
FNDA:7,(anonymous_1)
FNDA:4,(anonymous_2)
FNDA:2,(anonymous_3)
FNDA:1,(anonymous_4)
DA:6,13
DA:15,7
DA:16,7
DA:20,6
DA:22,1
DA:33,4
DA:34,4
DA:40,3
DA:42,1
DA:50,2
DA:51,2
DA:53,1
DA:61,1
LF:13
LH:13
BRDA:5,0,0,3
BRDA:6,1,0,13
BRDA:6,1,1,3
BRDA:14,2,0,2
BRF:4
BRH:4
end_of_record
TN:
SF:utils\messageFormatter.js
FN:8,getUsernameColor
FN:23,formatMessage
FN:42,validateMessage
FNF:3
FNH:3
FNDA:9,getUsernameColor
FNDA:5,formatMessage
FNDA:9,validateMessage
DA:9,9
DA:10,9
DA:11,46
DA:13,9
DA:24,5
DA:25,2
DA:28,3
DA:43,9
DA:45,9
DA:46,4
DA:49,9
DA:50,1
DA:53,9
DA:54,2
DA:57,9
DA:58,1
DA:61,9
LF:17
LH:17
BRDA:23,0,0,4
BRDA:24,1,0,2
BRDA:24,1,1,3
BRDA:24,2,0,5
BRDA:24,2,1,4
BRDA:45,3,0,4
BRDA:45,3,1,5
BRDA:45,4,0,9
BRDA:45,4,1,5
BRDA:45,4,2,5
BRDA:49,5,0,1
BRDA:49,5,1,8
BRDA:49,6,0,9
BRDA:49,6,1,5
BRDA:53,7,0,2
BRDA:53,7,1,7
BRDA:53,8,0,9
BRDA:53,8,1,7
BRDA:53,8,2,7
BRDA:57,9,0,1
BRDA:57,9,1,8
BRDA:57,10,0,9
BRDA:57,10,1,7
BRF:23
BRH:23
end_of_record
